<?xml version="1.0" encoding="UTF-8"?>
<!-- Generated by org.testng.reporters.JUnitReportReporter -->
<testsuite skipped="0" hostname="NTC" name="TestScript.ReportNonComplianceTestClass" tests="1" failures="0" timestamp="01 Oct 2019 06:04:08 GMT" time="70.045" errors="0">
  <testcase name="nonComplianceReportTestClass" time="70.045" classname="TestScript.ReportNonComplianceTestClass"/>
</testsuite> <!-- TestScript.ReportNonComplianceTestClass -->
