<?xml version="1.0" encoding="UTF-8"?>
<!-- Generated by org.testng.reporters.JUnitReportReporter -->
<testsuite hostname="Nourtek-100" failures="0" tests="1" name="TestScript.Report_SuspendedPayrollReportTC" time="160.948" errors="0" timestamp="2021-09-01T09:35:25 IST" skipped="0">
  <testcase classname="TestScript.Report_SuspendedPayrollReportTC" name="testSuspendedPayrollReport" time="160.948"/>
  <system-out/>
</testsuite> <!-- TestScript.Report_SuspendedPayrollReportTC -->
