<?xml version="1.0" encoding="UTF-8"?>
<!-- Generated by org.testng.reporters.JUnitReportReporter -->
<testsuite hostname="Nourtek-100" failures="0" tests="1" name="TestScript_Neha.TaskModuleTest" time="30.708" errors="0" timestamp="2021-06-08T15:24:34 IST" skipped="0">
  <testcase classname="TestScript_Neha.TaskModuleTest" name="taskmodule" time="30.708"/>
  <system-out>
    <![CDATA[<a href='\Wrap Portal\Screenshot\Advance search on the basis of date validation-08_06_2021_03_24_03.png'><img src='\Wrap Portal\Screenshot\Advance search on the basis of date validation-08_06_2021_03_24_03.png' height='100' width='100'/></a>]]>
  </system-out>
</testsuite> <!-- TestScript_Neha.TaskModuleTest -->
