<?xml version="1.0" encoding="UTF-8"?>
<!-- Generated by org.testng.reporters.JUnitReportReporter -->
<testsuite skipped="0" hostname="Nourtek-10" name="TestScript.AddContractor_Pkg_TC" tests="1" failures="0" timestamp="11 Jan 2021 12:43:04 GMT" time="37.485" errors="0">
  <testcase name="addContractorPackage" time="37.485" classname="TestScript.AddContractor_Pkg_TC"/>
</testsuite> <!-- TestScript.AddContractor_Pkg_TC -->
