<?xml version="1.0" encoding="UTF-8"?>
<!-- Generated by org.testng.reporters.JUnitReportReporter -->
<testsuite hostname="Nourtek-100" failures="0" tests="1" name="TestScript.Report_ContractorRosterReportOld_TC" time="67.476" errors="0" timestamp="2021-06-09T09:01:08 IST" skipped="0">
  <testcase classname="TestScript.Report_ContractorRosterReportOld_TC" name="testContractorRosterReportOld" time="67.476"/>
  <system-out/>
</testsuite> <!-- TestScript.Report_ContractorRosterReportOld_TC -->
