<?xml version="1.0" encoding="UTF-8"?>
<!-- Generated by org.testng.reporters.JUnitReportReporter -->
<testsuite skipped="0" hostname="Nourtek-10" name="TestScript.Report_CarrierEnrollmentOld_TC" tests="1" failures="0" timestamp="19 Mar 2020 06:37:54 GMT" time="127.333" errors="0">
  <testcase name="testCarrierEnrollmentOld" time="127.333" classname="TestScript.Report_CarrierEnrollmentOld_TC"/>
</testsuite> <!-- TestScript.Report_CarrierEnrollmentOld_TC -->
