<?xml version="1.0" encoding="UTF-8"?>
<!-- Generated by org.testng.reporters.JUnitReportReporter -->
<testsuite hostname="Nourtek-100" failures="0" tests="1" name="TestScript.Add_Required_Document_Test" time="114.780" errors="0" timestamp="2021-08-05T10:45:23 IST" skipped="0">
  <testcase classname="TestScript.Add_Required_Document_Test" name="addRequiredDocumentTest" time="114.780"/>
  <system-out/>
</testsuite> <!-- TestScript.Add_Required_Document_Test -->
