<?xml version="1.0" encoding="UTF-8"?>
<!-- Generated by org.testng.reporters.JUnitReportReporter -->
<testsuite skipped="0" hostname="Nourtek-10" name="TestScript.VerifyToastMessageContrPkg_TC" tests="1" failures="0" timestamp="27 Feb 2020 09:21:43 GMT" time="347.649" errors="0">
  <testcase name="verifyToastMessageContractorPkgTest" time="347.649" classname="TestScript.VerifyToastMessageContrPkg_TC"/>
</testsuite> <!-- TestScript.VerifyToastMessageContrPkg_TC -->
