<?xml version="1.0" encoding="UTF-8"?>
<!-- Generated by org.testng.reporters.JUnitReportReporter -->
<testsuite skipped="1" hostname="DESKTOP-D5BGI2M" name="TestScript_RR.Task_Add_Test" tests="1" failures="0" timestamp="27 Apr 2021 07:04:15 GMT" time="0.000" errors="0">
  <testcase name="AddTaskmodule" time="0.000" classname="TestScript_RR.Task_Add_Test">
    <skipped/>
  </testcase> <!-- AddTaskmodule -->
</testsuite> <!-- TestScript_RR.Task_Add_Test -->
