<?xml version="1.0" encoding="UTF-8"?>
<!-- Generated by org.testng.reporters.JUnitReportReporter -->
<testsuite hostname="Nourtek-100" failures="0" tests="1" name="TestScript.Report_PercentOfPayrollToCV_Test" time="47.825" errors="0" timestamp="2021-08-18T14:46:36 IST" skipped="0">
  <testcase classname="TestScript.Report_PercentOfPayrollToCV_Test" name="testPercentOfPayrollToCV" time="47.825"/>
  <system-out/>
</testsuite> <!-- TestScript.Report_PercentOfPayrollToCV_Test -->
