<?xml version="1.0" encoding="UTF-8"?>
<!-- Generated by org.testng.reporters.JUnitReportReporter -->
<testsuite skipped="0" hostname="Nourtek-104" name="TestScript.Report_ReportedPayrollByContractorOld_TC" tests="1" failures="0" timestamp="07 May 2021 13:27:09 GMT" time="128.358" errors="0">
  <testcase name="testReportedPayrollByContractorOld" time="128.358" classname="TestScript.Report_ReportedPayrollByContractorOld_TC"/>
</testsuite> <!-- TestScript.Report_ReportedPayrollByContractorOld_TC -->
