<?xml version="1.0" encoding="UTF-8"?>
<!-- Generated by org.testng.reporters.JUnitReportReporter -->
<testsuite hostname="Nourtek-100" failures="0" tests="1" name="TestScript.Report_InsuranceCreditDeductReviewOld_Test" time="170.351" errors="0" timestamp="2021-09-02T10:16:32 IST" skipped="0">
  <testcase classname="TestScript.Report_InsuranceCreditDeductReviewOld_Test" name="testInsuranceCreditDeductReviewOld" time="170.351"/>
  <system-out/>
</testsuite> <!-- TestScript.Report_InsuranceCreditDeductReviewOld_Test -->
