<?xml version="1.0" encoding="UTF-8"?>
<!-- Generated by org.testng.reporters.JUnitReportReporter -->
<testsuite hostname="Nourtek-100" failures="0" tests="1" name="TestScript.Exclude_CP_DocumentSignTest" time="275.372" errors="0" timestamp="2021-07-20T12:04:16 IST" skipped="0">
  <testcase classname="TestScript.Exclude_CP_DocumentSignTest" name="enrollContractor_Pkg_Excluded_Test" time="275.372"/>
  <system-out/>
</testsuite> <!-- TestScript.Exclude_CP_DocumentSignTest -->
