<?xml version="1.0" encoding="UTF-8"?>
<!-- Generated by org.testng.reporters.JUnitReportReporter -->
<testsuite skipped="0" hostname="NTC" name="TestScript.FetchClassCodePrivewPanelTC" tests="1" failures="0" timestamp="23 Aug 2019 05:56:14 GMT" time="76.828" errors="0">
  <testcase name="fetchClassCodeDetailsPriviewPanel" time="76.828" classname="TestScript.FetchClassCodePrivewPanelTC"/>
</testsuite> <!-- TestScript.FetchClassCodePrivewPanelTC -->
