<?xml version="1.0" encoding="UTF-8"?>
<!-- Generated by org.testng.reporters.JUnitReportReporter -->
<testsuite hostname="Nourtek-100" failures="0" tests="1" name="TestScript.Report_ContractorCloseOutTracking_Old" time="65.624" errors="0" timestamp="2021-06-09T19:19:29 IST" skipped="0">
  <testcase classname="TestScript.Report_ContractorCloseOutTracking_Old" name="testContractorCloseOutTrackingOld" time="65.624"/>
  <system-out/>
</testsuite> <!-- TestScript.Report_ContractorCloseOutTracking_Old -->
