<?xml version="1.0" encoding="UTF-8"?>
<!-- Generated by org.testng.reporters.JUnitReportReporter -->
<testsuite skipped="0" hostname="NTC" name="TestScipts_CPO.Compare_FinalDeduct_Report" tests="1" failures="0" timestamp="11 Dec 2019 06:55:33 GMT" time="73.357" errors="0">
  <testcase name="compareFinalDeductReport" time="73.357" classname="TestScipts_CPO.Compare_FinalDeduct_Report"/>
</testsuite> <!-- TestScipts_CPO.Compare_FinalDeduct_Report -->
