<?xml version="1.0" encoding="UTF-8"?>
<!-- Generated by org.testng.reporters.JUnitReportReporter -->
<testsuite skipped="0" hostname="Nourtek-10" name="TestScript_NCP.Add_SubContractor_NCP_Test" tests="1" failures="0" timestamp="01 Jul 2020 06:51:42 GMT" time="36.893" errors="0">
  <testcase name="testSubContractor" time="36.893" classname="TestScript_NCP.Add_SubContractor_NCP_Test"/>
</testsuite> <!-- TestScript_NCP.Add_SubContractor_NCP_Test -->
