<?xml version="1.0" encoding="UTF-8"?>
<!-- Generated by org.testng.reporters.JUnitReportReporter -->
<testsuite hostname="Nourtek-100" failures="0" tests="1" name="TestScript.Report_EnrolledContractorsListTest" time="70.347" errors="0" timestamp="2021-08-18T12:06:44 IST" skipped="0">
  <testcase classname="TestScript.Report_EnrolledContractorsListTest" name="testEnrolledContractors" time="70.347"/>
  <system-out/>
</testsuite> <!-- TestScript.Report_EnrolledContractorsListTest -->
