<?xml version="1.0" encoding="UTF-8"?>
<!-- Generated by org.testng.reporters.JUnitReportReporter -->
<testsuite skipped="0" hostname="Nourtek-10" name="TestScript.zVerifyLocationCodeTest" tests="1" failures="0" timestamp="11 Mar 2020 12:35:44 GMT" time="101.668" errors="0">
  <testcase name="verifyLocationCodeTest" time="101.668" classname="TestScript.zVerifyLocationCodeTest"/>
</testsuite> <!-- TestScript.zVerifyLocationCodeTest -->
