<?xml version="1.0" encoding="UTF-8"?>
<!-- Generated by org.testng.reporters.JUnitReportReporter -->
<testsuite skipped="0" hostname="Nourtek-10" name="TestScript_NCP.EnrollContractorPackageWC_GL" tests="1" failures="0" timestamp="23 Jun 2020 12:05:18 GMT" time="127.864" errors="0">
  <testcase name="enrollCPWC_GL" time="127.864" classname="TestScript_NCP.EnrollContractorPackageWC_GL"/>
</testsuite> <!-- TestScript_NCP.EnrollContractorPackageWC_GL -->
