<?xml version="1.0" encoding="UTF-8"?>
<!-- Generated by org.testng.reporters.JUnitReportReporter -->
<testsuite hostname="Nourtek-100" failures="0" tests="1" name="TestScript.Report_MissingPayrollbyContractorOld_Test" time="178.647" errors="0" timestamp="2021-09-02T14:12:03 IST" skipped="0">
  <testcase classname="TestScript.Report_MissingPayrollbyContractorOld_Test" name="testMissingPayrollbyContractorOld" time="178.647"/>
  <system-out/>
</testsuite> <!-- TestScript.Report_MissingPayrollbyContractorOld_Test -->
