<?xml version="1.0" encoding="UTF-8"?>
<!-- Generated by org.testng.reporters.JUnitReportReporter -->
<testsuite skipped="1" hostname="Nourtek-10" name="TestScript.EditUserAddMultipleLicenseNumberTC" tests="1" failures="0" timestamp="23 Mar 2020 13:10:29 GMT" time="0.000" errors="0">
  <testcase name="editUserAddMultipleLicenseNO" time="0.000" classname="TestScript.EditUserAddMultipleLicenseNumberTC">
    <skipped/>
  </testcase> <!-- editUserAddMultipleLicenseNO -->
</testsuite> <!-- TestScript.EditUserAddMultipleLicenseNumberTC -->
