<?xml version="1.0" encoding="UTF-8"?>
<!-- Generated by org.testng.reporters.JUnitReportReporter -->
<testsuite hostname="Nourtek-100" failures="0" tests="1" name="TestScript.Report_ProgramDeductionRateAnalysisOld_Test" time="144.722" errors="0" timestamp="2021-09-02T14:12:03 IST" skipped="0">
  <testcase classname="TestScript.Report_ProgramDeductionRateAnalysisOld_Test" name="testProgramDeductionRateAnalysisOld" time="144.722"/>
  <system-out/>
</testsuite> <!-- TestScript.Report_ProgramDeductionRateAnalysisOld_Test -->
