<?xml version="1.0" encoding="UTF-8"?>
<!-- Generated by org.testng.reporters.JUnitReportReporter -->
<testsuite hostname="Nourtek-100" failures="0" tests="1" name="TestScript.Report_ContractorAwardsTC" time="101.392" errors="0" timestamp="2021-09-01T09:35:25 IST" skipped="0">
  <testcase classname="TestScript.Report_ContractorAwardsTC" name="testContractorAwards" time="101.392"/>
  <system-out/>
</testsuite> <!-- TestScript.Report_ContractorAwardsTC -->
