<?xml version="1.0" encoding="UTF-8"?>
<!-- Generated by org.testng.reporters.JUnitReportReporter -->
<testsuite hostname="Nourtek-100" failures="0" tests="1" name="TestScript.Report_MasterPoliciesOld_Test" time="69.464" errors="0" timestamp="2021-09-02T10:16:32 IST" skipped="0">
  <testcase classname="TestScript.Report_MasterPoliciesOld_Test" name="testMasterPoliciesOld" time="69.464"/>
  <system-out/>
</testsuite> <!-- TestScript.Report_MasterPoliciesOld_Test -->
