<?xml version="1.0" encoding="UTF-8"?>
<!-- Generated by org.testng.reporters.JUnitReportReporter -->
<testsuite hostname="Nourtek-100" failures="0" tests="1" name="TestScript.Report_PayrollNonCompliacnReport_TC" time="214.785" errors="0" timestamp="2021-06-09T13:57:10 IST" skipped="0">
  <testcase classname="TestScript.Report_PayrollNonCompliacnReport_TC" name="testPayrollNonCIPReport" time="214.785"/>
  <system-out/>
</testsuite> <!-- TestScript.Report_PayrollNonCompliacnReport_TC -->
