<?xml version="1.0" encoding="UTF-8"?>
<!-- Generated by org.testng.reporters.JUnitReportReporter -->
<testsuite skipped="0" hostname="Nourtek-10" name="TestScript.AddContractor_Pkg_Via_ProjectTC" tests="1" failures="0" timestamp="26 Nov 2020 07:18:02 GMT" time="66.930" errors="0">
  <testcase name="add_CP_Via_Project" time="66.930" classname="TestScript.AddContractor_Pkg_Via_ProjectTC"/>
</testsuite> <!-- TestScript.AddContractor_Pkg_Via_ProjectTC -->
