<?xml version="1.0" encoding="UTF-8"?>
<!-- Generated by org.testng.reporters.JUnitReportReporter -->
<testsuite hostname="Nourtek-100" failures="0" tests="1" name="TestScript.Report_MasterPoliciesOld_TC" time="18.088" errors="0" timestamp="2021-06-09T15:08:43 IST" skipped="0">
  <testcase classname="TestScript.Report_MasterPoliciesOld_TC" name="testMasterPoliciesOld" time="18.088"/>
  <system-out/>
</testsuite> <!-- TestScript.Report_MasterPoliciesOld_TC -->
