<?xml version="1.0" encoding="UTF-8"?>
<!-- Generated by org.testng.reporters.JUnitReportReporter -->
<testsuite hostname="Nourtek-100" failures="0" tests="1" name="TestScript.Report_ContractorReportOld_Test" time="194.019" errors="0" timestamp="2021-09-02T14:12:03 IST" skipped="0">
  <testcase classname="TestScript.Report_ContractorReportOld_Test" name="testContractorReportOld" time="194.019"/>
  <system-out/>
</testsuite> <!-- TestScript.Report_ContractorReportOld_Test -->
