<?xml version="1.0" encoding="UTF-8"?>
<!-- Generated by org.testng.reporters.JUnitReportReporter -->
<testsuite skipped="0" hostname="NTC" name="TestScipts_CPO.Compare_ContractorInsuranceCostTracking_Report" tests="1" failures="0" timestamp="09 Dec 2019 11:49:58 GMT" time="61.888" errors="0">
  <testcase name="testCompareContractorInsuranceCostTrakingReport" time="61.888" classname="TestScipts_CPO.Compare_ContractorInsuranceCostTracking_Report"/>
</testsuite> <!-- TestScipts_CPO.Compare_ContractorInsuranceCostTracking_Report -->
