<?xml version="1.0" encoding="UTF-8"?>
<!-- Generated by org.testng.reporters.JUnitReportReporter -->
<testsuite hostname="Nourtek-100" failures="0" tests="1" name="TestScript.Report_MissingEnrollmentReportOld_TC" time="99.027" errors="0" timestamp="2021-06-09T09:01:08 IST" skipped="0">
  <testcase classname="TestScript.Report_MissingEnrollmentReportOld_TC" name="testMissingEnrollmentReportOld" time="99.027"/>
  <system-out/>
</testsuite> <!-- TestScript.Report_MissingEnrollmentReportOld_TC -->
