<?xml version="1.0" encoding="UTF-8"?>
<!-- Generated by org.testng.reporters.JUnitReportReporter -->
<testsuite hostname="Nourtek-100" failures="0" tests="1" name="TestScript.Report_PayrollAuditSummaryByWorkClassOld_Test" time="155.555" errors="0" timestamp="2021-09-02T14:12:03 IST" skipped="0">
  <testcase classname="TestScript.Report_PayrollAuditSummaryByWorkClassOld_Test" name="testPayrollAuditSummaryOld" time="155.555"/>
  <system-out/>
</testsuite> <!-- TestScript.Report_PayrollAuditSummaryByWorkClassOld_Test -->
