<?xml version="1.0" encoding="UTF-8"?>
<!-- Generated by org.testng.reporters.JUnitReportReporter -->
<testsuite hostname="Nourtek-100" failures="0" tests="1" name="TestScript_Neha.TaskValidationContractorsTest" time="184.281" errors="0" timestamp="2021-06-02T14:23:33 IST" skipped="0">
  <testcase classname="TestScript_Neha.TaskValidationContractorsTest" name="validateContractorPackage" time="184.281"/>
  <system-out>
    <![CDATA[<a href='\Wrap Portal\Screenshot\Email Sent Verify after add Task-02_06_2021_02_08_30.png'><img src='\Wrap Portal\Screenshot\Email Sent Verify after add Task-02_06_2021_02_08_30.png' height='100' width='100'/></a>]]>
  </system-out>
</testsuite> <!-- TestScript_Neha.TaskValidationContractorsTest -->
