<?xml version="1.0" encoding="UTF-8"?>
<!-- Generated by org.testng.reporters.JUnitReportReporter -->
<testsuite skipped="0" hostname="Nourtek-10" name="TestScript.ProjectSortOrder" tests="1" failures="0" timestamp="10 Aug 2020 10:07:42 GMT" time="73.397" errors="0">
  <testcase name="testProjectSortOrder" time="73.397" classname="TestScript.ProjectSortOrder"/>
</testsuite> <!-- TestScript.ProjectSortOrder -->
