<?xml version="1.0" encoding="UTF-8"?>
<!-- Generated by org.testng.reporters.JUnitReportReporter -->
<testsuite skipped="0" hostname="NTC" name="TestScript.FetchAllClassCodePrivewPanelTC" tests="1" failures="0" timestamp="13 Aug 2019 11:52:36 GMT" time="81.693" errors="0">
  <testcase name="fetchAllClassCodeDetails" time="81.693" classname="TestScript.FetchAllClassCodePrivewPanelTC"/>
</testsuite> <!-- TestScript.FetchAllClassCodePrivewPanelTC -->
