<?xml version="1.0" encoding="UTF-8"?>
<!-- Generated by org.testng.reporters.JUnitReportReporter -->
<testsuite skipped="0" hostname="NTC" name="TestScipts_CPO.ReportCPO_ContractorPayrollManHoursLaborRate_TC" tests="1" failures="0" timestamp="21 Nov 2019 12:48:03 GMT" time="62.951" errors="0">
  <testcase name="testContractorPayrollManHoursLaborRateReport" time="62.951" classname="TestScipts_CPO.ReportCPO_ContractorPayrollManHoursLaborRate_TC"/>
</testsuite> <!-- TestScipts_CPO.ReportCPO_ContractorPayrollManHoursLaborRate_TC -->
