<?xml version="1.0" encoding="UTF-8"?>
<!-- Generated by org.testng.reporters.JUnitReportReporter -->
<testsuite hostname="Nourtek-100" failures="0" tests="1" name="TestScript.Report_CertificateTrackingReportOld_TC" time="62.507" errors="0" timestamp="2021-06-09T19:51:43 IST" skipped="0">
  <testcase classname="TestScript.Report_CertificateTrackingReportOld_TC" name="testCertificateTrackingReportOld" time="62.507"/>
  <system-out/>
</testsuite> <!-- TestScript.Report_CertificateTrackingReportOld_TC -->
