<?xml version="1.0" encoding="UTF-8"?>
<!-- Generated by org.testng.reporters.JUnitReportReporter -->
<testsuite hostname="Nourtek-100" failures="0" tests="1" name="TestScript_NCP.EnrollCP_Exclude_Test" time="211.887" errors="0" timestamp="2021-07-20T12:04:16 IST" skipped="0">
  <testcase classname="TestScript_NCP.EnrollCP_Exclude_Test" name="enrollExcluded_CPTest" time="211.887"/>
  <system-out/>
</testsuite> <!-- TestScript_NCP.EnrollCP_Exclude_Test -->
