<?xml version="1.0" encoding="UTF-8"?>
<!-- Generated by org.testng.reporters.JUnitReportReporter -->
<testsuite hostname="Nourtek-100" failures="0" tests="1" name="TestScript.Report_ContractorReportOld_TC" time="63.246" errors="0" timestamp="2021-06-09T19:19:29 IST" skipped="0">
  <testcase classname="TestScript.Report_ContractorReportOld_TC" name="testContractorReportOld" time="63.246"/>
  <system-out/>
</testsuite> <!-- TestScript.Report_ContractorReportOld_TC -->
