<?xml version="1.0" encoding="UTF-8"?>
<!-- Generated by org.testng.reporters.JUnitReportReporter -->
<testsuite hostname="Nourtek-100" failures="0" tests="1" name="TestScript.Report_OpenActionItems_TC" time="170.108" errors="0" timestamp="2021-06-09T19:19:29 IST" skipped="0">
  <testcase classname="TestScript.Report_OpenActionItems_TC" name="testOpenActionItemReport" time="170.108"/>
  <system-out/>
</testsuite> <!-- TestScript.Report_OpenActionItems_TC -->
