<?xml version="1.0" encoding="UTF-8"?>
<!-- Generated by org.testng.reporters.JUnitReportReporter -->
<testsuite skipped="1" hostname="Nourtek-10" name="TestScript.Report_ProjectDetailsListOld_TC" tests="1" failures="0" timestamp="19 Mar 2020 06:37:54 GMT" time="0.000" errors="0">
  <testcase name="testProjectDetailsListOld" time="0.000" classname="TestScript.Report_ProjectDetailsListOld_TC">
    <skipped/>
  </testcase> <!-- testProjectDetailsListOld -->
</testsuite> <!-- TestScript.Report_ProjectDetailsListOld_TC -->
