<?xml version="1.0" encoding="UTF-8"?>
<!-- Generated by org.testng.reporters.JUnitReportReporter -->
<testsuite hostname="Nourtek-100" failures="0" tests="1" name="TestScript_NCP.Add_MonthlyPayroll_NCP_Test" time="145.993" errors="0" timestamp="2021-07-20T13:03:20 IST" skipped="0">
  <testcase classname="TestScript_NCP.Add_MonthlyPayroll_NCP_Test" name="testMonthlyPayroll" time="145.993"/>
  <system-out/>
</testsuite> <!-- TestScript_NCP.Add_MonthlyPayroll_NCP_Test -->
