<?xml version="1.0" encoding="UTF-8"?>
<!-- Generated by org.testng.reporters.JUnitReportReporter -->
<testsuite skipped="0" hostname="Nourtek-10" name="TestScript.AddUserMultipleDBATestClass" tests="1" failures="0" timestamp="27 Feb 2020 07:05:46 GMT" time="50.747" errors="0">
  <testcase name="addUserWithMultipleDBATest" time="50.747" classname="TestScript.AddUserMultipleDBATestClass"/>
</testsuite> <!-- TestScript.AddUserMultipleDBATestClass -->
