<?xml version="1.0" encoding="UTF-8"?>
<!-- Generated by org.testng.reporters.JUnitReportReporter -->
<testsuite hostname="Nourtek-100" failures="0" tests="1" name="TestScript.Report_DeductDetails_Old_Test" time="76.091" errors="0" timestamp="2021-09-01T10:07:05 IST" skipped="0">
  <testcase classname="TestScript.Report_DeductDetails_Old_Test" name="testDeductDetailsOld" time="76.091"/>
  <system-out/>
</testsuite> <!-- TestScript.Report_DeductDetails_Old_Test -->
