<?xml version="1.0" encoding="UTF-8"?>
<!-- Generated by org.testng.reporters.JUnitReportReporter -->
<testsuite hostname="Nourtek-100" failures="0" tests="1" name="TestScript.Report_MissingEnrollmentReportOld_Test" time="123.272" errors="0" timestamp="2021-08-18T14:46:36 IST" skipped="0">
  <testcase classname="TestScript.Report_MissingEnrollmentReportOld_Test" name="testMissingEnrollmentReportOld" time="123.272"/>
  <system-out/>
</testsuite> <!-- TestScript.Report_MissingEnrollmentReportOld_Test -->
