<?xml version="1.0" encoding="UTF-8"?>
<!-- Generated by org.testng.reporters.JUnitReportReporter -->
<testsuite hostname="Nourtek-100" failures="0" tests="1" name="TestScript.Report_LossControlReportOld_TC" time="74.168" errors="0" timestamp="2021-06-09T15:08:43 IST" skipped="0">
  <testcase classname="TestScript.Report_LossControlReportOld_TC" name="testLossControlReportOld" time="74.168"/>
  <system-out/>
</testsuite> <!-- TestScript.Report_LossControlReportOld_TC -->
