<?xml version="1.0" encoding="UTF-8"?>
<!-- Generated by org.testng.reporters.JUnitReportReporter -->
<testsuite skipped="0" hostname="NTC" name="TestScipts_CPO.Compare_InitialDeduct_Report_TC" tests="1" failures="0" timestamp="11 Dec 2019 13:43:22 GMT" time="63.704" errors="0">
  <testcase name="compareInitialDeductReport" time="63.704" classname="TestScipts_CPO.Compare_InitialDeduct_Report_TC"/>
</testsuite> <!-- TestScipts_CPO.Compare_InitialDeduct_Report_TC -->
