<?xml version="1.0" encoding="UTF-8"?>
<!-- Generated by org.testng.reporters.JUnitReportReporter -->
<testsuite skipped="0" hostname="Nourtek-10" name="TestScript.Verify_ALL_HomePageModulesIcons_Navigation" tests="1" failures="0" timestamp="21 Mar 2020 06:08:26 GMT" time="105.698" errors="0">
  <testcase name="testHomePageModulesNavigation" time="105.698" classname="TestScript.Verify_ALL_HomePageModulesIcons_Navigation"/>
</testsuite> <!-- TestScript.Verify_ALL_HomePageModulesIcons_Navigation -->
