<?xml version="1.0" encoding="UTF-8"?>
<!-- Generated by org.testng.reporters.JUnitReportReporter -->
<testsuite skipped="0" hostname="NTC" name="TestScript.FetchContractorDetailsPriviewPanelTC" tests="1" failures="0" timestamp="23 Aug 2019 05:59:59 GMT" time="124.856" errors="0">
  <testcase name="fetchContractorDetailsFromPriviewPanel" time="124.856" classname="TestScript.FetchContractorDetailsPriviewPanelTC"/>
</testsuite> <!-- TestScript.FetchContractorDetailsPriviewPanelTC -->
