<?xml version="1.0" encoding="UTF-8"?>
<!-- Generated by org.testng.reporters.JUnitReportReporter -->
<testsuite hostname="Nourtek-100" failures="0" tests="1" name="TestScript.Report_ProgramWideReportCard_TC" time="118.769" errors="0" timestamp="2021-06-09T19:51:43 IST" skipped="0">
  <testcase classname="TestScript.Report_ProgramWideReportCard_TC" name="testPorgramWideReportCard" time="118.769"/>
  <system-out/>
</testsuite> <!-- TestScript.Report_ProgramWideReportCard_TC -->
