<?xml version="1.0" encoding="UTF-8"?>
<!-- Generated by org.testng.reporters.JUnitReportReporter -->
<testsuite skipped="0" hostname="Nourtek-10" name="TestScript.AddProgramTC" tests="1" failures="0" timestamp="20 Feb 2020 06:50:23 GMT" time="42.792" errors="0">
  <testcase name="addProgramTC" time="42.792" classname="TestScript.AddProgramTC"/>
</testsuite> <!-- TestScript.AddProgramTC -->
