<?xml version="1.0" encoding="UTF-8"?>
<!-- Generated by org.testng.reporters.JUnitReportReporter -->
<testsuite skipped="1" hostname="Nourtek-10" name="TestScript.AddMonthlyPayroll_TC" tests="2" failures="0" timestamp="18 Sep 2020 12:11:19 GMT" time="303.971" errors="0">
  <testcase name="testAdminMonthlyPayroll" time="303.971" classname="TestScript.AddMonthlyPayroll_TC"/>
  <testcase name="testMonthlyPayroll" classname="TestScript.AddMonthlyPayroll_TC">
    <skipped/>
  </testcase> <!-- testMonthlyPayroll -->
</testsuite> <!-- TestScript.AddMonthlyPayroll_TC -->
