<?xml version="1.0" encoding="UTF-8"?>
<!-- Generated by org.testng.reporters.JUnitReportReporter -->
<testsuite hostname="Nourtek-100" failures="0" tests="1" name="TestScript.Report_ClaimCodingContractorSummaryReportTC" time="84.483" errors="0" timestamp="2021-09-01T09:35:25 IST" skipped="0">
  <testcase classname="TestScript.Report_ClaimCodingContractorSummaryReportTC" name="testClaimsCodingContractorSummaryReport" time="84.483"/>
  <system-out/>
</testsuite> <!-- TestScript.Report_ClaimCodingContractorSummaryReportTC -->
