<?xml version="1.0" encoding="UTF-8"?>
<!-- Generated by org.testng.reporters.JUnitReportReporter -->
<testsuite skipped="0" hostname="DESKTOP-D5BGI2M" name="TestScript.Report_ContractDetailsListOld_TC" tests="1" failures="0" timestamp="28 Apr 2021 08:14:35 GMT" time="103.278" errors="0">
  <testcase name="testContractDetailsListOld" time="103.278" classname="TestScript.Report_ContractDetailsListOld_TC"/>
</testsuite> <!-- TestScript.Report_ContractDetailsListOld_TC -->
