<?xml version="1.0" encoding="UTF-8"?>
<!-- Generated by org.testng.reporters.JUnitReportReporter -->
<testsuite skipped="0" hostname="Nourtek-10" name="TestScript.ContractorPackageSortOrderTC" tests="1" failures="0" timestamp="11 Aug 2020 07:36:30 GMT" time="975.434" errors="0">
  <testcase name="testContactorPkgSortOrder" time="975.434" classname="TestScript.ContractorPackageSortOrderTC"/>
</testsuite> <!-- TestScript.ContractorPackageSortOrderTC -->
