<?xml version="1.0" encoding="UTF-8"?>
<!-- Generated by org.testng.reporters.JUnitReportReporter -->
<testsuite hostname="Nourtek-100" failures="0" tests="1" name="TestScriptNCP_SponsorLogin.NCP_SPL_MyProjectDownloadContractorCertificacteTest" time="72.015" errors="0" timestamp="2021-07-20T13:26:49 IST" skipped="0">
  <testcase classname="TestScriptNCP_SponsorLogin.NCP_SPL_MyProjectDownloadContractorCertificacteTest" name="testDownloadCertificate" time="72.015"/>
  <system-out/>
</testsuite> <!-- TestScriptNCP_SponsorLogin.NCP_SPL_MyProjectDownloadContractorCertificacteTest -->
