<?xml version="1.0" encoding="UTF-8"?>
<!-- Generated by org.testng.reporters.JUnitReportReporter -->
<testsuite skipped="0" hostname="NTC" name="TestScript.Verify_Project_DropDowns_TC" tests="1" failures="0" timestamp="10 Dec 2019 08:02:18 GMT" time="9.866" errors="0">
  <testcase name="verifyProjectDropdown" time="9.866" classname="TestScript.Verify_Project_DropDowns_TC"/>
</testsuite> <!-- TestScript.Verify_Project_DropDowns_TC -->
