<?xml version="1.0" encoding="UTF-8"?>
<!-- Generated by org.testng.reporters.JUnitReportReporter -->
<testsuite hostname="Nourtek-100" failures="0" tests="1" name="TestScript.Report_ProjectInsuranceCostAnalysisOld_Test" time="183.608" errors="0" timestamp="2021-09-02T14:12:03 IST" skipped="0">
  <testcase classname="TestScript.Report_ProjectInsuranceCostAnalysisOld_Test" name="testProjectInsuranceCostAnalysisOld" time="183.608"/>
  <system-out/>
</testsuite> <!-- TestScript.Report_ProjectInsuranceCostAnalysisOld_Test -->
