<?xml version="1.0" encoding="UTF-8"?>
<!-- Generated by org.testng.reporters.JUnitReportReporter -->
<testsuite skipped="0" hostname="Nourtek-10" name="TestScipts_CPO.CPO_Add_Claim_Test" tests="1" failures="0" timestamp="25 Nov 2020 12:21:13 GMT" time="93.018" errors="0">
  <testcase name="testClaims" time="93.018" classname="TestScipts_CPO.CPO_Add_Claim_Test"/>
</testsuite> <!-- TestScipts_CPO.CPO_Add_Claim_Test -->
