<?xml version="1.0" encoding="UTF-8"?>
<!-- Generated by org.testng.reporters.JUnitReportReporter -->
<testsuite hostname="Nourtek-100" failures="0" tests="1" name="TestScript.Report_ContractorAwardsTest" time="73.299" errors="0" timestamp="2021-08-18T12:06:44 IST" skipped="0">
  <testcase classname="TestScript.Report_ContractorAwardsTest" name="testContractorAwards" time="73.299"/>
  <system-out/>
</testsuite> <!-- TestScript.Report_ContractorAwardsTest -->
