<?xml version="1.0" encoding="UTF-8"?>
<!-- Generated by org.testng.reporters.JUnitReportReporter -->
<testsuite hostname="Nourtek-100" failures="0" tests="1" name="TestScript.Report_WrapUpCreditReportOld_TC" time="60.711" errors="0" timestamp="2021-06-09T09:01:08 IST" skipped="0">
  <testcase classname="TestScript.Report_WrapUpCreditReportOld_TC" name="testWrapUpCreditReportOld" time="60.711"/>
  <system-out/>
</testsuite> <!-- TestScript.Report_WrapUpCreditReportOld_TC -->
