<?xml version="1.0" encoding="UTF-8"?>
<!-- Generated by org.testng.reporters.JUnitReportReporter -->
<testsuite skipped="0" hostname="NTC" name="TestScipts_CPO.Report_ContractorDeductTracking_TC" tests="1" failures="0" timestamp="21 Nov 2019 12:19:24 GMT" time="42.539" errors="0">
  <testcase name="testContractorDeductTrackingReport" time="42.539" classname="TestScipts_CPO.Report_ContractorDeductTracking_TC"/>
</testsuite> <!-- TestScipts_CPO.Report_ContractorDeductTracking_TC -->
