<?xml version="1.0" encoding="UTF-8"?>
<!-- Generated by org.testng.reporters.JUnitReportReporter -->
<testsuite hostname="Nourtek-100" failures="0" tests="1" name="TestScript.Cancelled_Contractor_Pkg" time="153.503" errors="0" timestamp="2021-08-05T10:45:23 IST" skipped="0">
  <testcase classname="TestScript.Cancelled_Contractor_Pkg" name="enrollContractor_Pkg_GL_OnlyTest" time="153.503"/>
  <system-out/>
</testsuite> <!-- TestScript.Cancelled_Contractor_Pkg -->
