<?xml version="1.0" encoding="UTF-8"?>
<!-- Generated by org.testng.reporters.JUnitReportReporter -->
<testsuite skipped="0" hostname="Nourtek-10" name="TestScript_NCP.Add_ChangeOrderNCP" tests="1" failures="0" timestamp="23 Jun 2020 14:10:13 GMT" time="51.030" errors="0">
  <testcase name="testChangeOrder" time="51.030" classname="TestScript_NCP.Add_ChangeOrderNCP"/>
</testsuite> <!-- TestScript_NCP.Add_ChangeOrderNCP -->
