<?xml version="1.0" encoding="UTF-8"?>
<!-- Generated by org.testng.reporters.JUnitReportReporter -->
<testsuite hostname="Nourtek-100" failures="0" tests="1" name="TestScript.Report_ContractorDetailsOld_TC" time="66.687" errors="0" timestamp="2021-06-09T19:51:43 IST" skipped="0">
  <testcase classname="TestScript.Report_ContractorDetailsOld_TC" name="testContractorDetailsOld" time="66.687"/>
  <system-out/>
</testsuite> <!-- TestScript.Report_ContractorDetailsOld_TC -->
