<?xml version="1.0" encoding="UTF-8"?>
<!-- Generated by org.testng.reporters.JUnitReportReporter -->
<testsuite hostname="Nourtek-100" failures="0" tests="1" name="TestScript.Report_ContractorStatusTest" time="111.059" errors="0" timestamp="2021-08-18T12:06:44 IST" skipped="0">
  <testcase classname="TestScript.Report_ContractorStatusTest" name="testContractorStatus" time="111.059"/>
  <system-out/>
</testsuite> <!-- TestScript.Report_ContractorStatusTest -->
