<?xml version="1.0" encoding="UTF-8"?>
<!-- Generated by org.testng.reporters.JUnitReportReporter -->
<testsuite hostname="Nourtek-100" failures="0" tests="1" name="TestScript.ContractorPackagesPreviewPanelTest" time="25.220" errors="0" timestamp="2021-07-20T12:04:16 IST" skipped="0">
  <testcase classname="TestScript.ContractorPackagesPreviewPanelTest" name="testCP_CloseoutColor" time="25.220"/>
  <system-out/>
</testsuite> <!-- TestScript.ContractorPackagesPreviewPanelTest -->
