<?xml version="1.0" encoding="UTF-8"?>
<!-- Generated by org.testng.reporters.JUnitReportReporter -->
<testsuite skipped="0" hostname="Nourtek-10" name="TestScript.AddContractorTC" tests="1" failures="0" timestamp="09 Apr 2020 12:09:36 GMT" time="54.708" errors="0">
  <testcase name="addContractorTestScript" time="54.708" classname="TestScript.AddContractorTC"/>
</testsuite> <!-- TestScript.AddContractorTC -->
