<?xml version="1.0" encoding="UTF-8"?>
<!-- Generated by org.testng.reporters.JUnitReportReporter -->
<testsuite hostname="Nourtek-100" failures="0" tests="1" name="TestScript.LocationCodeDuplicationTest" time="44.406" errors="0" timestamp="2021-07-20T12:04:16 IST" skipped="0">
  <testcase classname="TestScript.LocationCodeDuplicationTest" name="locationDuplicationCodeTest" time="44.406"/>
  <system-out/>
</testsuite> <!-- TestScript.LocationCodeDuplicationTest -->
