<?xml version="1.0" encoding="UTF-8"?>
<!-- Generated by org.testng.reporters.JUnitReportReporter -->
<testsuite skipped="1" hostname="NTC" name="TestScript.ProjectPreviewPanelFunctionalTestClass" tests="3" failures="0" timestamp="04 Oct 2019 14:17:10 GMT" time="19.857" errors="0">
  <testcase name="previewPanelDisplay" time="4.716" classname="TestScript.ProjectPreviewPanelFunctionalTestClass"/>
  <testcase name="verifyContractValue" time="15.141" classname="TestScript.ProjectPreviewPanelFunctionalTestClass"/>
  <testcase name="verifyProjectDate" classname="TestScript.ProjectPreviewPanelFunctionalTestClass">
    <skipped/>
  </testcase> <!-- verifyProjectDate -->
</testsuite> <!-- TestScript.ProjectPreviewPanelFunctionalTestClass -->
