<?xml version="1.0" encoding="UTF-8"?>
<!-- Generated by org.testng.reporters.JUnitReportReporter -->
<testsuite skipped="0" hostname="Nourtek-10" name="ObjectRepository.Report_SuperIntendentReport_TC" tests="1" failures="0" timestamp="27 Feb 2020 11:16:12 GMT" time="19.808" errors="0">
  <testcase name="testEnrollmentStatusReport" time="19.808" classname="ObjectRepository.Report_SuperIntendentReport_TC"/>
</testsuite> <!-- ObjectRepository.Report_SuperIntendentReport_TC -->
