<?xml version="1.0" encoding="UTF-8"?>
<!-- Generated by org.testng.reporters.JUnitReportReporter -->
<testsuite skipped="0" hostname="NTC" name="TestScript.SponserAdvanceSearchTC" tests="1" failures="0" timestamp="23 Aug 2019 06:20:38 GMT" time="22.049" errors="0">
  <testcase name="sponserAdvanceSearch" time="22.049" classname="TestScript.SponserAdvanceSearchTC"/>
</testsuite> <!-- TestScript.SponserAdvanceSearchTC -->
