<?xml version="1.0" encoding="UTF-8"?>
<!-- Generated by org.testng.reporters.JUnitReportReporter -->
<testsuite hostname="Nourtek-100" failures="0" tests="1" name="TestScript.ProjectAdvancedFilter_Test" time="183.889" errors="0" timestamp="2021-08-05T09:36:55 IST" skipped="0">
  <testcase classname="TestScript.ProjectAdvancedFilter_Test" name="testProjectAdvanceFilter" time="183.889"/>
  <system-out/>
</testsuite> <!-- TestScript.ProjectAdvancedFilter_Test -->
