<?xml version="1.0" encoding="UTF-8"?>
<!-- Generated by org.testng.reporters.JUnitReportReporter -->
<testsuite skipped="1" hostname="Nourtek-10" name="TestScriptNCP_SponsorLogin.NCP_SPL_Claims_Test" tests="1" failures="0" timestamp="01 Dec 2020 12:08:26 GMT" time="0.000" errors="0">
  <testcase name="testClaims" time="0.000" classname="TestScriptNCP_SponsorLogin.NCP_SPL_Claims_Test">
    <skipped/>
  </testcase> <!-- testClaims -->
</testsuite> <!-- TestScriptNCP_SponsorLogin.NCP_SPL_Claims_Test -->
