<?xml version="1.0" encoding="UTF-8"?>
<!-- Generated by org.testng.reporters.JUnitReportReporter -->
<testsuite hostname="Nourtek-100" failures="0" tests="1" name="TestScript.Report_PercentOfPayrollToCV_TC" time="47.736" errors="0" timestamp="2021-06-09T09:01:08 IST" skipped="0">
  <testcase classname="TestScript.Report_PercentOfPayrollToCV_TC" name="testPercentOfPayrollToCV" time="47.736"/>
  <system-out/>
</testsuite> <!-- TestScript.Report_PercentOfPayrollToCV_TC -->
