<?xml version="1.0" encoding="UTF-8"?>
<!-- Generated by org.testng.reporters.JUnitReportReporter -->
<testsuite hostname="Nourtek-100" failures="0" tests="1" name="TestScript.Report_ContractorDeductTrackingOld_TC" time="66.320" errors="0" timestamp="2021-06-09T19:51:43 IST" skipped="0">
  <testcase classname="TestScript.Report_ContractorDeductTrackingOld_TC" name="testContractorDeductTrackingOld" time="66.320"/>
  <system-out/>
</testsuite> <!-- TestScript.Report_ContractorDeductTrackingOld_TC -->
