<?xml version="1.0" encoding="UTF-8"?>
<!-- Generated by org.testng.reporters.JUnitReportReporter -->
<testsuite hostname="Nourtek-100" failures="0" tests="1" name="TestScript.Report_ContractorMonthlyManHours_TC" time="50.293" errors="0" timestamp="2021-06-09T15:08:43 IST" skipped="0">
  <testcase classname="TestScript.Report_ContractorMonthlyManHours_TC" name="testContractorMonthlyManHours" time="50.293"/>
  <system-out/>
</testsuite> <!-- TestScript.Report_ContractorMonthlyManHours_TC -->
