<?xml version="1.0" encoding="UTF-8"?>
<!-- Generated by org.testng.reporters.JUnitReportReporter -->
<testsuite skipped="0" hostname="Nourtek-10" name="TestScript.FetchTradeDetailsPriviewPanelTC" tests="1" failures="0" timestamp="21 Mar 2020 10:08:43 GMT" time="84.822" errors="0">
  <testcase name="fetchTradeDetails" time="84.822" classname="TestScript.FetchTradeDetailsPriviewPanelTC"/>
</testsuite> <!-- TestScript.FetchTradeDetailsPriviewPanelTC -->
