<?xml version="1.0" encoding="UTF-8"?>
<!-- Generated by org.testng.reporters.JUnitReportReporter -->
<testsuite hostname="Nourtek-100" failures="0" tests="1" name="TestScript.Report_CertificateTrackingReportOld_Test" time="229.893" errors="0" timestamp="2021-09-02T16:22:44 IST" skipped="0">
  <testcase classname="TestScript.Report_CertificateTrackingReportOld_Test" name="testCertificateTrackingReportOld" time="229.893"/>
  <system-out/>
</testsuite> <!-- TestScript.Report_CertificateTrackingReportOld_Test -->
