<?xml version="1.0" encoding="UTF-8"?>
<!-- Generated by org.testng.reporters.JUnitReportReporter -->
<testsuite skipped="0" hostname="NTC" name="TestScript.zChangeURLinTest_TC" tests="1" failures="0" timestamp="21 Nov 2019 06:26:06 GMT" time="48.787" errors="0">
  <testcase name="temp" time="48.787" classname="TestScript.zChangeURLinTest_TC"/>
</testsuite> <!-- TestScript.zChangeURLinTest_TC -->
