<?xml version="1.0" encoding="UTF-8"?>
<!-- Generated by org.testng.reporters.JUnitReportReporter -->
<testsuite skipped="0" hostname="NTC" name="TestScript.VerifyToolTipMyProfileModule" tests="1" failures="0" timestamp="09 Dec 2019 08:00:20 GMT" time="9.222" errors="0">
  <testcase name="verifyMyProfilePageToolTip" time="9.222" classname="TestScript.VerifyToolTipMyProfileModule"/>
</testsuite> <!-- TestScript.VerifyToolTipMyProfileModule -->
