<?xml version="1.0" encoding="UTF-8"?>
<!-- Generated by org.testng.reporters.JUnitReportReporter -->
<testsuite skipped="0" hostname="DESKTOP-D5BGI2M" name="TestScript.Calculation_InitialDeductReportTest" tests="1" failures="0" timestamp="06 Apr 2021 10:15:10 GMT" time="96.517" errors="0">
  <testcase name="calculationInitialDeductReport" time="96.517" classname="TestScript.Calculation_InitialDeductReportTest"/>
</testsuite> <!-- TestScript.Calculation_InitialDeductReportTest -->
