<?xml version="1.0" encoding="UTF-8"?>
<!-- Generated by org.testng.reporters.JUnitReportReporter -->
<testsuite skipped="1" hostname="Nourtek-10" name="TestScript.Add_Adjustment_TC" tests="1" failures="0" timestamp="28 Feb 2020 13:10:44 GMT" time="0.000" errors="0">
  <testcase name="testAdd_Adjustment" time="0.000" classname="TestScript.Add_Adjustment_TC">
    <skipped/>
  </testcase> <!-- testAdd_Adjustment -->
</testsuite> <!-- TestScript.Add_Adjustment_TC -->
