<?xml version="1.0" encoding="UTF-8"?>
<!-- Generated by org.testng.reporters.JUnitReportReporter -->
<testsuite hostname="Nourtek-100" failures="0" tests="4" name="TestScript_Neha.TaskValidationSwitchProgramModuleContractorPortalOptionsTest" time="250.455" errors="0" timestamp="2021-08-10T17:28:57 IST" skipped="0">
  <testcase classname="TestScript_Neha.TaskValidationSwitchProgramModuleContractorPortalOptionsTest" name="Program_Contractor_Portal_Options_TurnOnorTurnOFFSwitches" time="40.227"/>
  <system-out>
    <![CDATA[<a href='\Wrap Portal\Screenshot\Program_Contractor_Portal_Options_TurnONSwitches-10_08_2021_05_24_42.png'><img src='\Wrap Portal\Screenshot\Program_Contractor_Portal_Options_TurnONSwitches-10_08_2021_05_24_42.png' height='100' width='100'/></a>]]>
  </system-out>
  <testcase classname="TestScript_Neha.TaskValidationSwitchProgramModuleContractorPortalOptionsTest" name="Program_Contractor_Portal_Options_SponsorSwitches" time="66.195"/>
  <system-out>
    <![CDATA[<a href='\Wrap Portal\Screenshot\Program_Contractor_Portal_Options_Sponsor_MyContract-10_08_2021_05_25_06.png'><img src='\Wrap Portal\Screenshot\Program_Contractor_Portal_Options_Sponsor_MyContract-10_08_2021_05_25_06.png' height='100' width='100'/></a>
<a href='\Wrap Portal\Screenshot\Program_Contractor_Portal_Options_Switch_Certificate-10_08_2021_05_25_18.png'><img src='\Wrap Portal\Screenshot\Program_Contractor_Portal_Options_Switch_Certificate-10_08_2021_05_25_18.png' height='100' width='100'/></a>]]>
  </system-out>
  <testcase classname="TestScript_Neha.TaskValidationSwitchProgramModuleContractorPortalOptionsTest" name="Program_Contractor_Portal_Options_GC_Switches" time="75.149"/>
  <system-out>
    <![CDATA[<a href='\Wrap Portal\Screenshot\Program_Contractor_Portal_Options_GC_MyContract-10_08_2021_05_26_10.png'><img src='\Wrap Portal\Screenshot\Program_Contractor_Portal_Options_GC_MyContract-10_08_2021_05_26_10.png' height='100' width='100'/></a>
<a href='\Wrap Portal\Screenshot\Program_Contractor_Portal_Options_Switch_Certificate-10_08_2021_05_26_22.png'><img src='\Wrap Portal\Screenshot\Program_Contractor_Portal_Options_Switch_Certificate-10_08_2021_05_26_22.png' height='100' width='100'/></a>
<a href='\Wrap Portal\Screenshot\Program_Contractor_Portal_Options_Switch_NonCipCompliance-10_08_2021_05_27_15.png'><img src='\Wrap Portal\Screenshot\Program_Contractor_Portal_Options_Switch_NonCipCompliance-10_08_2021_05_27_15.png' height='100' width='100'/></a>
<a href='\Wrap Portal\Screenshot\Program_Contractor_Portal_Options_Switch_NonCipCompliance-10_08_2021_05_27_16.png'><img src='\Wrap Portal\Screenshot\Program_Contractor_Portal_Options_Switch_NonCipCompliance-10_08_2021_05_27_16.png' height='100' width='100'/></a>
<a href='\Wrap Portal\Screenshot\Program_Contractor_Portal_Options_Switch_NonCipCompliance-10_08_2021_05_27_18.png'><img src='\Wrap Portal\Screenshot\Program_Contractor_Portal_Options_Switch_NonCipCompliance-10_08_2021_05_27_18.png' height='100' width='100'/></a>]]>
  </system-out>
  <testcase classname="TestScript_Neha.TaskValidationSwitchProgramModuleContractorPortalOptionsTest" name="Program_Contractor_Portal_Options_SubC_Switches" time="68.884"/>
  <system-out>
    <![CDATA[<a href='\Wrap Portal\Screenshot\Program_Contractor_Portal_Options_SubC_MyContract-10_08_2021_05_27_25.png'><img src='\Wrap Portal\Screenshot\Program_Contractor_Portal_Options_SubC_MyContract-10_08_2021_05_27_25.png' height='100' width='100'/></a>
<a href='\Wrap Portal\Screenshot\Program_Contractor_Portal_Options_Switch_Certificate-10_08_2021_05_27_34.png'><img src='\Wrap Portal\Screenshot\Program_Contractor_Portal_Options_Switch_Certificate-10_08_2021_05_27_34.png' height='100' width='100'/></a>
<a href='\Wrap Portal\Screenshot\Program_Contractor_Portal_Options_Switch_NonCipCompliance-10_08_2021_05_28_23.png'><img src='\Wrap Portal\Screenshot\Program_Contractor_Portal_Options_Switch_NonCipCompliance-10_08_2021_05_28_23.png' height='100' width='100'/></a>
<a href='\Wrap Portal\Screenshot\Program_Contractor_Portal_Options_Switch_NonCipCompliance-10_08_2021_05_28_24.png'><img src='\Wrap Portal\Screenshot\Program_Contractor_Portal_Options_Switch_NonCipCompliance-10_08_2021_05_28_24.png' height='100' width='100'/></a>
<a href='\Wrap Portal\Screenshot\Program_Contractor_Portal_Options_Switch_NonCipCompliance-10_08_2021_05_28_25.png'><img src='\Wrap Portal\Screenshot\Program_Contractor_Portal_Options_Switch_NonCipCompliance-10_08_2021_05_28_25.png' height='100' width='100'/></a>
<a href='\Wrap Portal\Screenshot\Program_Contractor_Portal_Options_Switch_NonCipCompliance-10_08_2021_05_28_27.png'><img src='\Wrap Portal\Screenshot\Program_Contractor_Portal_Options_Switch_NonCipCompliance-10_08_2021_05_28_27.png' height='100' width='100'/></a>]]>
  </system-out>
</testsuite> <!-- TestScript_Neha.TaskValidationSwitchProgramModuleContractorPortalOptionsTest -->
