<?xml version="1.0" encoding="UTF-8"?>
<!-- Generated by org.testng.reporters.JUnitReportReporter -->
<testsuite skipped="0" hostname="Nourtek-104" name="TestScript_NCP.Report_NCP_Contractor_Structure_By_Program_Test" tests="1" failures="0" timestamp="14 May 2021 07:56:54 GMT" time="103.016" errors="0">
  <testcase name="testContractorStructureNCP" time="103.016" classname="TestScript_NCP.Report_NCP_Contractor_Structure_By_Program_Test"/>
</testsuite> <!-- TestScript_NCP.Report_NCP_Contractor_Structure_By_Program_Test -->
