<?xml version="1.0" encoding="UTF-8"?>
<!-- Generated by org.testng.reporters.JUnitReportReporter -->
<testsuite hostname="Nourtek-100" failures="0" tests="1" name="TestScript.Report_ProjectFinancialAnalysisWorkClass_Old_Test" time="193.732" errors="0" timestamp="2021-09-02T10:16:32 IST" skipped="0">
  <testcase classname="TestScript.Report_ProjectFinancialAnalysisWorkClass_Old_Test" name="testProjectFinancialAnalysisWorkClasstOld" time="193.732"/>
  <system-out/>
</testsuite> <!-- TestScript.Report_ProjectFinancialAnalysisWorkClass_Old_Test -->
