<?xml version="1.0" encoding="UTF-8"?>
<!-- Generated by org.testng.reporters.JUnitReportReporter -->
<testsuite skipped="0" hostname="NTC" name="TestScript.Report_Project_Specific_Report_Card" tests="1" failures="0" timestamp="22 Oct 2019 07:36:21 GMT" time="15.202" errors="0">
  <testcase name="testContractorEnrollmentSummaryReport" time="15.202" classname="TestScript.Report_Project_Specific_Report_Card"/>
</testsuite> <!-- TestScript.Report_Project_Specific_Report_Card -->
