<?xml version="1.0" encoding="UTF-8"?>
<!-- Generated by org.testng.reporters.JUnitReportReporter -->
<testsuite hostname="Nourtek-100" failures="0" tests="1" name="TestScript.Report_WrapUpCreditReportOld_Test" time="90.394" errors="0" timestamp="2021-08-18T14:46:36 IST" skipped="0">
  <testcase classname="TestScript.Report_WrapUpCreditReportOld_Test" name="testWrapUpCreditReportOld" time="90.394"/>
  <system-out/>
</testsuite> <!-- TestScript.Report_WrapUpCreditReportOld_Test -->
