<?xml version="1.0" encoding="UTF-8"?>
<!-- Generated by org.testng.reporters.JUnitReportReporter -->
<testsuite skipped="0" hostname="DESKTOP-D5BGI2M" name="TestScript.Calculation_LaborRateAnalysisTest" tests="1" failures="0" timestamp="06 Apr 2021 10:15:10 GMT" time="66.432" errors="0">
  <testcase name="testLaborRateAnalysisOld" time="66.432" classname="TestScript.Calculation_LaborRateAnalysisTest"/>
</testsuite> <!-- TestScript.Calculation_LaborRateAnalysisTest -->
