<?xml version="1.0" encoding="UTF-8"?>
<!-- Generated by org.testng.reporters.JUnitReportReporter -->
<testsuite hostname="Nourtek-100" failures="0" tests="1" name="TestScript.Report_ProjectEnrollmentSummaryReportOld_TC" time="90.305" errors="0" timestamp="2021-06-09T18:03:38 IST" skipped="0">
  <testcase classname="TestScript.Report_ProjectEnrollmentSummaryReportOld_TC" name="testProjectSummaryReportOld" time="90.305"/>
  <system-out/>
</testsuite> <!-- TestScript.Report_ProjectEnrollmentSummaryReportOld_TC -->
