<?xml version="1.0" encoding="UTF-8"?>
<!-- Generated by org.testng.reporters.JUnitReportReporter -->
<testsuite skipped="0" hostname="Nourtek-104" name="TestScript_NCP.Report_NCP_Missing_PayrollBy_Contractor_Test" tests="1" failures="0" timestamp="14 May 2021 07:56:54 GMT" time="34.511" errors="0">
  <testcase name="testMissing_PayrollBy_Contractor_Report" time="34.511" classname="TestScript_NCP.Report_NCP_Missing_PayrollBy_Contractor_Test"/>
</testsuite> <!-- TestScript_NCP.Report_NCP_Missing_PayrollBy_Contractor_Test -->
