<?xml version="1.0" encoding="UTF-8"?>
<!-- Generated by org.testng.reporters.JUnitReportReporter -->
<testsuite skipped="1" hostname="NTC" name="TestScript.ProjectListingPanelFunctionalTestScript" tests="2" failures="0" timestamp="25 Sep 2019 12:08:14 GMT" time="43.352" errors="0">
  <testcase name="verifyAdvanceSearch" time="43.352" classname="TestScript.ProjectListingPanelFunctionalTestScript"/>
  <testcase name="projectListingPanelTestScript1" classname="TestScript.ProjectListingPanelFunctionalTestScript">
    <skipped/>
  </testcase> <!-- projectListingPanelTestScript1 -->
</testsuite> <!-- TestScript.ProjectListingPanelFunctionalTestScript -->
