<?xml version="1.0" encoding="UTF-8"?>
<!-- Generated by org.testng.reporters.JUnitReportReporter -->
<testsuite skipped="0" hostname="Nourtek-104" name="TestScript_NCP.Report_NCP_ContractorPayroll_Man_Hours_Labour_Rate_Test" tests="1" failures="0" timestamp="14 May 2021 07:56:54 GMT" time="35.118" errors="0">
  <testcase name="testContractorPayroll_ManHours_LabourRate_Report" time="35.118" classname="TestScript_NCP.Report_NCP_ContractorPayroll_Man_Hours_Labour_Rate_Test"/>
</testsuite> <!-- TestScript_NCP.Report_NCP_ContractorPayroll_Man_Hours_Labour_Rate_Test -->
