<?xml version="1.0" encoding="UTF-8"?>
<!-- Generated by org.testng.reporters.JUnitReportReporter -->
<testsuite hostname="Nourtek-100" failures="0" tests="1" name="TestScript.Report_OpenActionItems_Test" time="227.331" errors="0" timestamp="2021-09-02T14:12:03 IST" skipped="0">
  <testcase classname="TestScript.Report_OpenActionItems_Test" name="testOpenActionItemReport" time="227.331"/>
  <system-out/>
</testsuite> <!-- TestScript.Report_OpenActionItems_Test -->
