<?xml version="1.0" encoding="UTF-8"?>
<!-- Generated by org.testng.reporters.JUnitReportReporter -->
<testsuite hostname="Nourtek-100" failures="0" tests="1" name="TestScript.Report_SuperIntendentReport_Test" time="178.845" errors="0" timestamp="2021-07-21T13:09:41 IST" skipped="0">
  <testcase classname="TestScript.Report_SuperIntendentReport_Test" name="testSuperIntendentReport" time="178.845"/>
  <system-out/>
</testsuite> <!-- TestScript.Report_SuperIntendentReport_Test -->
