<?xml version="1.0" encoding="UTF-8"?>
<!-- Generated by org.testng.reporters.JUnitReportReporter -->
<testsuite skipped="0" hostname="DESKTOP-D5BGI2M" name="TestScript.Calculation_PayrollAuditSummaryTest" tests="1" failures="0" timestamp="06 Apr 2021 10:15:10 GMT" time="57.337" errors="0">
  <testcase name="testPayrollAuditSummaryOld" time="57.337" classname="TestScript.Calculation_PayrollAuditSummaryTest"/>
</testsuite> <!-- TestScript.Calculation_PayrollAuditSummaryTest -->
