<?xml version="1.0" encoding="UTF-8"?>
<!-- Generated by org.testng.reporters.JUnitReportReporter -->
<testsuite skipped="0" hostname="Nourtek-10" name="TestScript.Report_TieredReport_TC" tests="1" failures="0" timestamp="09 Jul 2020 10:27:14 GMT" time="65.571" errors="0">
  <testcase name="testTieredReport" time="65.571" classname="TestScript.Report_TieredReport_TC"/>
</testsuite> <!-- TestScript.Report_TieredReport_TC -->
