<?xml version="1.0" encoding="UTF-8"?>
<!-- Generated by org.testng.reporters.JUnitReportReporter -->
<testsuite hostname="Nourtek-100" failures="0" tests="1" name="TestScript.ProgramAdvancedFilter_Test" time="450.922" errors="0" timestamp="2021-08-17T14:00:41 IST" skipped="0">
  <testcase classname="TestScript.ProgramAdvancedFilter_Test" name="testProgramAdvanceFilter" time="450.922"/>
  <system-out/>
</testsuite> <!-- TestScript.ProgramAdvancedFilter_Test -->
