<?xml version="1.0" encoding="UTF-8"?>
<!-- Generated by org.testng.reporters.JUnitReportReporter -->
<testsuite hostname="Nourtek-100" failures="0" tests="1" name="TestScript.Report_InsuranceCreditDeductReviewOld_TC" time="88.092" errors="0" timestamp="2021-06-09T15:08:43 IST" skipped="0">
  <testcase classname="TestScript.Report_InsuranceCreditDeductReviewOld_TC" name="testInsuranceCreditDeductReviewOld" time="88.092"/>
  <system-out/>
</testsuite> <!-- TestScript.Report_InsuranceCreditDeductReviewOld_TC -->
