<?xml version="1.0" encoding="UTF-8"?>
<!-- Generated by org.testng.reporters.JUnitReportReporter -->
<testsuite hostname="Nourtek-100" failures="0" tests="1" name="TestScript.Report_ProjectCloseOutReportOld_TC" time="74.167" errors="0" timestamp="2021-06-09T09:01:08 IST" skipped="0">
  <testcase classname="TestScript.Report_ProjectCloseOutReportOld_TC" name="testProjectCloseOutReportOld" time="74.167"/>
  <system-out/>
</testsuite> <!-- TestScript.Report_ProjectCloseOutReportOld_TC -->
