<?xml version="1.0" encoding="UTF-8"?>
<!-- Generated by org.testng.reporters.JUnitReportReporter -->
<testsuite hostname="Nourtek-100" failures="0" tests="1" name="TestScript.Report_EnrollmentStatusReport_TC" time="139.105" errors="0" timestamp="2021-06-09T13:02:27 IST" skipped="0">
  <testcase classname="TestScript.Report_EnrollmentStatusReport_TC" name="testEnrollmentStatusReport" time="139.105"/>
  <system-out/>
</testsuite> <!-- TestScript.Report_EnrollmentStatusReport_TC -->
