<?xml version="1.0" encoding="UTF-8"?>
<!-- Generated by org.testng.reporters.JUnitReportReporter -->
<testsuite hostname="Nourtek-100" failures="0" tests="1" name="TestScript.Report_ProgramDeductionRateAnalysisOld_TC" time="66.139" errors="0" timestamp="2021-06-09T19:19:29 IST" skipped="0">
  <testcase classname="TestScript.Report_ProgramDeductionRateAnalysisOld_TC" name="testProgramDeductionRateAnalysisOld" time="66.139"/>
  <system-out/>
</testsuite> <!-- TestScript.Report_ProgramDeductionRateAnalysisOld_TC -->
