<?xml version="1.0" encoding="UTF-8"?>
<!-- Generated by org.testng.reporters.JUnitReportReporter -->
<testsuite skipped="0" hostname="NTC" name="TestScript.EditTradeDuplicateTradeNumber" tests="1" failures="0" timestamp="21 Oct 2019 07:47:46 GMT" time="17.188" errors="0">
  <testcase name="addTrade" time="17.188" classname="TestScript.EditTradeDuplicateTradeNumber"/>
</testsuite> <!-- TestScript.EditTradeDuplicateTradeNumber -->
