<?xml version="1.0" encoding="UTF-8"?>
<!-- Generated by org.testng.reporters.JUnitReportReporter -->
<testsuite hostname="Nourtek-100" failures="0" tests="1" name="TestScript.Report_ContractorCloseOutTracking_OldTest" time="143.857" errors="0" timestamp="2021-09-02T14:12:03 IST" skipped="0">
  <testcase classname="TestScript.Report_ContractorCloseOutTracking_OldTest" name="testContractorCloseOutTrackingOld" time="143.857"/>
  <system-out/>
</testsuite> <!-- TestScript.Report_ContractorCloseOutTracking_OldTest -->
