<?xml version="1.0" encoding="UTF-8"?>
<!-- Generated by org.testng.reporters.JUnitReportReporter -->
<testsuite skipped="0" hostname="NTC" name="TestScript.EditTradeDuplicateTradeNumberTC" tests="1" failures="0" timestamp="25 Oct 2019 09:29:00 GMT" time="36.613" errors="0">
  <testcase name="editTradeAddDuplicateTradeNO" time="36.613" classname="TestScript.EditTradeDuplicateTradeNumberTC"/>
</testsuite> <!-- TestScript.EditTradeDuplicateTradeNumberTC -->
