<?xml version="1.0" encoding="UTF-8"?>
<!-- Generated by org.testng.reporters.JUnitReportReporter -->
<testsuite skipped="0" hostname="Nourtek-10" name="TestScript.CompareInitialDeductAlphAdmin_TestCase" tests="1" failures="0" timestamp="31 Mar 2020 07:13:57 GMT" time="102.574" errors="0">
  <testcase name="compareInitialDeductReport" time="102.574" classname="TestScript.CompareInitialDeductAlphAdmin_TestCase"/>
</testsuite> <!-- TestScript.CompareInitialDeductAlphAdmin_TestCase -->
