<?xml version="1.0" encoding="UTF-8"?>
<!-- Generated by org.testng.reporters.JUnitReportReporter -->
<testsuite skipped="0" hostname="NTC" name="TestScript.FetchProjectPriviewPanelTC" tests="1" failures="0" timestamp="21 Oct 2019 12:35:54 GMT" time="55.564" errors="0">
  <testcase name="fetchProjectPreviewDetailsTC" time="55.564" classname="TestScript.FetchProjectPriviewPanelTC"/>
</testsuite> <!-- TestScript.FetchProjectPriviewPanelTC -->
