<?xml version="1.0" encoding="UTF-8"?>
<!-- Generated by org.testng.reporters.JUnitReportReporter -->
<testsuite hostname="Nourtek-100" failures="0" tests="1" name="TestScript.Reports_ProjectDeductionRateAnalysisOld_Test" time="180.422" errors="0" timestamp="2021-09-02T10:16:32 IST" skipped="0">
  <testcase classname="TestScript.Reports_ProjectDeductionRateAnalysisOld_Test" name="testProjectDeductionRateAnalysisOld" time="180.422"/>
  <system-out/>
</testsuite> <!-- TestScript.Reports_ProjectDeductionRateAnalysisOld_Test -->
