<?xml version="1.0" encoding="UTF-8"?>
<!-- Generated by org.testng.reporters.JUnitReportReporter -->
<testsuite hostname="Nourtek-100" failures="0" tests="1" name="TestScript.Verify_All_ToolTips" time="1042.872" errors="0" timestamp="2021-08-17T14:00:41 IST" skipped="0">
  <testcase classname="TestScript.Verify_All_ToolTips" name="testVerifyToolTip" time="1042.872"/>
  <system-out/>
</testsuite> <!-- TestScript.Verify_All_ToolTips -->
