<?xml version="1.0" encoding="UTF-8"?>
<!-- Generated by org.testng.reporters.JUnitReportReporter -->
<testsuite skipped="0" hostname="Nourtek-10" name="TestScript.AddContractor_Pkg_ExcelDataTC" tests="1" failures="0" timestamp="26 Mar 2020 07:06:55 GMT" time="69.929" errors="0">
  <testcase name="addContractorPackage" time="69.929" classname="TestScript.AddContractor_Pkg_ExcelDataTC"/>
</testsuite> <!-- TestScript.AddContractor_Pkg_ExcelDataTC -->
