<?xml version="1.0" encoding="UTF-8"?>
<!-- Generated by org.testng.reporters.JUnitReportReporter -->
<testsuite skipped="2" hostname="Nourtek-10" name="TestScript.Report_ContractValueLaborHoursbyProjectTC" tests="2" failures="0" timestamp="19 Mar 2020 06:37:54 GMT" time="0.000" errors="0">
  <testcase name="testProjectSpecificReport" time="0.000" classname="TestScript.Report_ContractValueLaborHoursbyProjectTC">
    <skipped/>
  </testcase> <!-- testProjectSpecificReport -->
  <testcase name="testProjectSpecificReport" time="0.000" classname="TestScript.Report_ContractValueLaborHoursbyProjectTC">
    <skipped/>
  </testcase> <!-- testProjectSpecificReport -->
</testsuite> <!-- TestScript.Report_ContractValueLaborHoursbyProjectTC -->
