<?xml version="1.0" encoding="UTF-8"?>
<!-- Generated by org.testng.reporters.JUnitReportReporter -->
<testsuite skipped="0" hostname="Nourtek-10" name="TestScript.AddContractorPkgQuarterlyPayroll" tests="1" failures="0" timestamp="05 Oct 2020 13:28:45 GMT" time="75.050" errors="0">
  <testcase name="add_CP_Via_Project" time="75.050" classname="TestScript.AddContractorPkgQuarterlyPayroll"/>
</testsuite> <!-- TestScript.AddContractorPkgQuarterlyPayroll -->
