<?xml version="1.0" encoding="UTF-8"?>
<!-- Generated by org.testng.reporters.JUnitReportReporter -->
<testsuite hostname="Nourtek-100" failures="0" tests="1" name="TestScript.Report_ContractStatusReport_TC" time="86.677" errors="0" timestamp="2021-06-09T13:02:27 IST" skipped="0">
  <testcase classname="TestScript.Report_ContractStatusReport_TC" name="testContractStatusReport" time="86.677"/>
  <system-out/>
</testsuite> <!-- TestScript.Report_ContractStatusReport_TC -->
