<?xml version="1.0" encoding="UTF-8"?>
<!-- Generated by org.testng.reporters.JUnitReportReporter -->
<testsuite hostname="Nourtek-100" failures="0" tests="1" name="TestScript.Report_PulteCustomReport_Test" time="91.831" errors="0" timestamp="2021-09-02T14:12:03 IST" skipped="0">
  <testcase classname="TestScript.Report_PulteCustomReport_Test" name="testPulteCustomReport" time="91.831"/>
  <system-out/>
</testsuite> <!-- TestScript.Report_PulteCustomReport_Test -->
