<?xml version="1.0" encoding="UTF-8"?>
<!-- Generated by org.testng.reporters.JUnitReportReporter -->
<testsuite skipped="1" hostname="Nourtek-10" name="TestScript.Report_ContractorInsuranceCreditReport_TC" tests="1" failures="0" timestamp="19 Mar 2020 06:37:53 GMT" time="0.000" errors="0">
  <testcase name="testContractorInsuranceCreditReport" time="0.000" classname="TestScript.Report_ContractorInsuranceCreditReport_TC">
    <skipped/>
  </testcase> <!-- testContractorInsuranceCreditReport -->
</testsuite> <!-- TestScript.Report_ContractorInsuranceCreditReport_TC -->
