<?xml version="1.0" encoding="UTF-8"?>
<!-- Generated by org.testng.reporters.JUnitReportReporter -->
<testsuite skipped="0" hostname="DESKTOP-D5BGI2M" name="TestScript.Calculation_PayrollToCVPercentageTest" tests="1" failures="0" timestamp="06 Apr 2021 10:15:10 GMT" time="58.534" errors="0">
  <testcase name="testPayrollToCVPercentage" time="58.534" classname="TestScript.Calculation_PayrollToCVPercentageTest"/>
</testsuite> <!-- TestScript.Calculation_PayrollToCVPercentageTest -->
